This file contains any messages produced by compilers while
running configure, to aid debugging if configure makes a mistake.

It was created by sshguard configure 2.1.0, which was
generated by GNU Autoconf 2.69.  Invocation command line was

  $ ./configure --prefix=/opt/sshguard

## --------- ##
## Platform. ##
## --------- ##

hostname = saintetienne.cloud.team5.tu
uname -m = x86_64
uname -r = 2.6.32-642.el6.x86_64
uname -s = Linux
uname -v = #1 SMP Tue May 10 17:27:01 UTC 2016

/usr/bin/uname -p = unknown
/bin/uname -X     = unknown

/bin/arch              = x86_64
/usr/bin/arch -k       = unknown
/usr/convex/getsysinfo = unknown
/usr/bin/hostinfo      = unknown
/bin/machine           = unknown
/usr/bin/oslevel       = unknown
/bin/universe          = unknown

PATH: /usr/local/sbin
PATH: /usr/local/bin
PATH: /sbin
PATH: /bin
PATH: /usr/sbin
PATH: /usr/bin
PATH: /root/bin


## ----------- ##
## Core tests. ##
## ----------- ##

configure:2143: checking for a BSD-compatible install
configure:2211: result: /usr/bin/install -c
configure:2222: checking whether build environment is sane
configure:2277: result: yes
configure:2428: checking for a thread-safe mkdir -p
configure:2467: result: /bin/mkdir -p
configure:2474: checking for gawk
configure:2490: found /bin/gawk
configure:2501: result: gawk
configure:2512: checking whether make sets $(MAKE)
configure:2534: result: yes
configure:2563: checking whether make supports nested variables
configure:2580: result: yes
configure:2717: checking whether make supports nested variables
configure:2734: result: yes
configure:2759: checking for style of include used by make
configure:2787: result: GNU
configure:2858: checking for gcc
configure:2874: found /usr/bin/gcc
configure:2885: result: gcc
configure:3114: checking for C compiler version
configure:3123: gcc --version >&5
gcc (GCC) 4.4.7 20120313 (Red Hat 4.4.7-17)
Copyright (C) 2010 Free Software Foundation, Inc.
This is free software; see the source for copying conditions.  There is NO
warranty; not even for MERCHANTABILITY or FITNESS FOR A PARTICULAR PURPOSE.

configure:3134: $? = 0
configure:3123: gcc -v >&5
Using built-in specs.
Target: x86_64-redhat-linux
Configured with: ../configure --prefix=/usr --mandir=/usr/share/man --infodir=/usr/share/info --with-bugurl=http://bugzilla.redhat.com/bugzilla --enable-bootstrap --enable-shared --enable-threads=posix --enable-checking=release --with-system-zlib --enable-__cxa_atexit --disable-libunwind-exceptions --enable-gnu-unique-object --enable-languages=c,c++,objc,obj-c++,java,fortran,ada --enable-java-awt=gtk --disable-dssi --with-java-home=/usr/lib/jvm/java-1.5.0-gcj-1.5.0.0/jre --enable-libgcj-multifile --enable-java-maintainer-mode --with-ecj-jar=/usr/share/java/eclipse-ecj.jar --disable-libjava-multilib --with-ppl --with-cloog --with-tune=generic --with-arch_32=i686 --build=x86_64-redhat-linux
Thread model: posix
gcc version 4.4.7 20120313 (Red Hat 4.4.7-17) (GCC) 
configure:3134: $? = 0
configure:3123: gcc -V >&5
gcc: '-V' option must have argument
configure:3134: $? = 1
configure:3123: gcc -qversion >&5
gcc: unrecognized option '-qversion'
gcc: no input files
configure:3134: $? = 1
configure:3154: checking whether the C compiler works
configure:3176: gcc    conftest.c  >&5
configure:3180: $? = 0
configure:3228: result: yes
configure:3231: checking for C compiler default output file name
configure:3233: result: a.out
configure:3239: checking for suffix of executables
configure:3246: gcc -o conftest    conftest.c  >&5
configure:3250: $? = 0
configure:3272: result: 
configure:3294: checking whether we are cross compiling
configure:3302: gcc -o conftest    conftest.c  >&5
configure:3306: $? = 0
configure:3313: ./conftest
configure:3317: $? = 0
configure:3332: result: no
configure:3337: checking for suffix of object files
configure:3359: gcc -c   conftest.c >&5
configure:3363: $? = 0
configure:3384: result: o
configure:3388: checking whether we are using the GNU C compiler
configure:3407: gcc -c   conftest.c >&5
configure:3407: $? = 0
configure:3416: result: yes
configure:3425: checking whether gcc accepts -g
configure:3445: gcc -c -g  conftest.c >&5
configure:3445: $? = 0
configure:3486: result: yes
configure:3503: checking for gcc option to accept ISO C89
configure:3566: gcc  -c -g -O2  conftest.c >&5
configure:3566: $? = 0
configure:3579: result: none needed
configure:3604: checking whether gcc understands -c and -o together
configure:3626: gcc -c conftest.c -o conftest2.o
configure:3629: $? = 0
configure:3626: gcc -c conftest.c -o conftest2.o
configure:3629: $? = 0
configure:3641: result: yes
configure:3660: checking dependency style of gcc
configure:3771: result: gcc3
configure:3792: checking how to run the C preprocessor
configure:3823: gcc -E  conftest.c
configure:3823: $? = 0
configure:3837: gcc -E  conftest.c
conftest.c:11:28: error: ac_nonexistent.h: No such file or directory
configure:3837: $? = 1
configure: failed program was:
| /* confdefs.h */
| #define PACKAGE_NAME "sshguard"
| #define PACKAGE_TARNAME "sshguard"
| #define PACKAGE_VERSION "2.1.0"
| #define PACKAGE_STRING "sshguard 2.1.0"
| #define PACKAGE_BUGREPORT "sshguard-users@lists.sourceforge.net"
| #define PACKAGE_URL ""
| #define PACKAGE "sshguard"
| #define VERSION "2.1.0"
| /* end confdefs.h.  */
| #include <ac_nonexistent.h>
configure:3862: result: gcc -E
configure:3882: gcc -E  conftest.c
configure:3882: $? = 0
configure:3896: gcc -E  conftest.c
conftest.c:11:28: error: ac_nonexistent.h: No such file or directory
configure:3896: $? = 1
configure: failed program was:
| /* confdefs.h */
| #define PACKAGE_NAME "sshguard"
| #define PACKAGE_TARNAME "sshguard"
| #define PACKAGE_VERSION "2.1.0"
| #define PACKAGE_STRING "sshguard 2.1.0"
| #define PACKAGE_BUGREPORT "sshguard-users@lists.sourceforge.net"
| #define PACKAGE_URL ""
| #define PACKAGE "sshguard"
| #define VERSION "2.1.0"
| /* end confdefs.h.  */
| #include <ac_nonexistent.h>
configure:3925: checking for grep that handles long lines and -e
configure:3983: result: /bin/grep
configure:3988: checking for egrep
configure:4050: result: /bin/grep -E
configure:4055: checking for ANSI C header files
configure:4075: gcc -c -g -O2  conftest.c >&5
configure:4075: $? = 0
configure:4148: gcc -o conftest -g -O2   conftest.c  >&5
configure:4148: $? = 0
configure:4148: ./conftest
configure:4148: $? = 0
configure:4159: result: yes
configure:4172: checking for sys/types.h
configure:4172: gcc -c -g -O2  conftest.c >&5
configure:4172: $? = 0
configure:4172: result: yes
configure:4172: checking for sys/stat.h
configure:4172: gcc -c -g -O2  conftest.c >&5
configure:4172: $? = 0
configure:4172: result: yes
configure:4172: checking for stdlib.h
configure:4172: gcc -c -g -O2  conftest.c >&5
configure:4172: $? = 0
configure:4172: result: yes
configure:4172: checking for string.h
configure:4172: gcc -c -g -O2  conftest.c >&5
configure:4172: $? = 0
configure:4172: result: yes
configure:4172: checking for memory.h
configure:4172: gcc -c -g -O2  conftest.c >&5
configure:4172: $? = 0
configure:4172: result: yes
configure:4172: checking for strings.h
configure:4172: gcc -c -g -O2  conftest.c >&5
configure:4172: $? = 0
configure:4172: result: yes
configure:4172: checking for inttypes.h
configure:4172: gcc -c -g -O2  conftest.c >&5
configure:4172: $? = 0
configure:4172: result: yes
configure:4172: checking for stdint.h
configure:4172: gcc -c -g -O2  conftest.c >&5
configure:4172: $? = 0
configure:4172: result: yes
configure:4172: checking for unistd.h
configure:4172: gcc -c -g -O2  conftest.c >&5
configure:4172: $? = 0
configure:4172: result: yes
configure:4185: checking minix/config.h usability
configure:4185: gcc -c -g -O2  conftest.c >&5
conftest.c:54:26: error: minix/config.h: No such file or directory
configure:4185: $? = 1
configure: failed program was:
| /* confdefs.h */
| #define PACKAGE_NAME "sshguard"
| #define PACKAGE_TARNAME "sshguard"
| #define PACKAGE_VERSION "2.1.0"
| #define PACKAGE_STRING "sshguard 2.1.0"
| #define PACKAGE_BUGREPORT "sshguard-users@lists.sourceforge.net"
| #define PACKAGE_URL ""
| #define PACKAGE "sshguard"
| #define VERSION "2.1.0"
| #define STDC_HEADERS 1
| #define HAVE_SYS_TYPES_H 1
| #define HAVE_SYS_STAT_H 1
| #define HAVE_STDLIB_H 1
| #define HAVE_STRING_H 1
| #define HAVE_MEMORY_H 1
| #define HAVE_STRINGS_H 1
| #define HAVE_INTTYPES_H 1
| #define HAVE_STDINT_H 1
| #define HAVE_UNISTD_H 1
| /* end confdefs.h.  */
| #include <stdio.h>
| #ifdef HAVE_SYS_TYPES_H
| # include <sys/types.h>
| #endif
| #ifdef HAVE_SYS_STAT_H
| # include <sys/stat.h>
| #endif
| #ifdef STDC_HEADERS
| # include <stdlib.h>
| # include <stddef.h>
| #else
| # ifdef HAVE_STDLIB_H
| #  include <stdlib.h>
| # endif
| #endif
| #ifdef HAVE_STRING_H
| # if !defined STDC_HEADERS && defined HAVE_MEMORY_H
| #  include <memory.h>
| # endif
| # include <string.h>
| #endif
| #ifdef HAVE_STRINGS_H
| # include <strings.h>
| #endif
| #ifdef HAVE_INTTYPES_H
| # include <inttypes.h>
| #endif
| #ifdef HAVE_STDINT_H
| # include <stdint.h>
| #endif
| #ifdef HAVE_UNISTD_H
| # include <unistd.h>
| #endif
| #include <minix/config.h>
configure:4185: result: no
configure:4185: checking minix/config.h presence
configure:4185: gcc -E  conftest.c
conftest.c:21:26: error: minix/config.h: No such file or directory
configure:4185: $? = 1
configure: failed program was:
| /* confdefs.h */
| #define PACKAGE_NAME "sshguard"
| #define PACKAGE_TARNAME "sshguard"
| #define PACKAGE_VERSION "2.1.0"
| #define PACKAGE_STRING "sshguard 2.1.0"
| #define PACKAGE_BUGREPORT "sshguard-users@lists.sourceforge.net"
| #define PACKAGE_URL ""
| #define PACKAGE "sshguard"
| #define VERSION "2.1.0"
| #define STDC_HEADERS 1
| #define HAVE_SYS_TYPES_H 1
| #define HAVE_SYS_STAT_H 1
| #define HAVE_STDLIB_H 1
| #define HAVE_STRING_H 1
| #define HAVE_MEMORY_H 1
| #define HAVE_STRINGS_H 1
| #define HAVE_INTTYPES_H 1
| #define HAVE_STDINT_H 1
| #define HAVE_UNISTD_H 1
| /* end confdefs.h.  */
| #include <minix/config.h>
configure:4185: result: no
configure:4185: checking for minix/config.h
configure:4185: result: no
configure:4206: checking whether it is safe to define __EXTENSIONS__
configure:4224: gcc -c -g -O2  conftest.c >&5
configure:4224: $? = 0
configure:4231: result: yes
configure:4249: checking for gcc option to accept ISO C99
configure:4398: gcc  -c -g -O2  conftest.c >&5
conftest.c:76: error: expected ';', ',' or ')' before 'text'
conftest.c: In function 'main':
conftest.c:130: error: expected '=', ',', ';', 'asm' or '__attribute__' before 'newvar'
conftest.c:130: error: 'newvar' undeclared (first use in this function)
conftest.c:130: error: (Each undeclared identifier is reported only once
conftest.c:130: error: for each function it appears in.)
conftest.c:140: error: 'for' loop initial declarations are only allowed in C99 mode
conftest.c:140: note: use option -std=c99 or -std=gnu99 to compile your code
configure:4398: $? = 1
configure: failed program was:
| /* confdefs.h */
| #define PACKAGE_NAME "sshguard"
| #define PACKAGE_TARNAME "sshguard"
| #define PACKAGE_VERSION "2.1.0"
| #define PACKAGE_STRING "sshguard 2.1.0"
| #define PACKAGE_BUGREPORT "sshguard-users@lists.sourceforge.net"
| #define PACKAGE_URL ""
| #define PACKAGE "sshguard"
| #define VERSION "2.1.0"
| #define STDC_HEADERS 1
| #define HAVE_SYS_TYPES_H 1
| #define HAVE_SYS_STAT_H 1
| #define HAVE_STDLIB_H 1
| #define HAVE_STRING_H 1
| #define HAVE_MEMORY_H 1
| #define HAVE_STRINGS_H 1
| #define HAVE_INTTYPES_H 1
| #define HAVE_STDINT_H 1
| #define HAVE_UNISTD_H 1
| #define __EXTENSIONS__ 1
| #define _ALL_SOURCE 1
| #define _GNU_SOURCE 1
| #define _POSIX_PTHREAD_SEMANTICS 1
| #define _TANDEM_SOURCE 1
| /* end confdefs.h.  */
| #include <stdarg.h>
| #include <stdbool.h>
| #include <stdlib.h>
| #include <wchar.h>
| #include <stdio.h>
| 
| // Check varargs macros.  These examples are taken from C99 6.10.3.5.
| #define debug(...) fprintf (stderr, __VA_ARGS__)
| #define showlist(...) puts (#__VA_ARGS__)
| #define report(test,...) ((test) ? puts (#test) : printf (__VA_ARGS__))
| static void
| test_varargs_macros (void)
| {
|   int x = 1234;
|   int y = 5678;
|   debug ("Flag");
|   debug ("X = %d\n", x);
|   showlist (The first, second, and third items.);
|   report (x>y, "x is %d but y is %d", x, y);
| }
| 
| // Check long long types.
| #define BIG64 18446744073709551615ull
| #define BIG32 4294967295ul
| #define BIG_OK (BIG64 / BIG32 == 4294967297ull && BIG64 % BIG32 == 0)
| #if !BIG_OK
|   your preprocessor is broken;
| #endif
| #if BIG_OK
| #else
|   your preprocessor is broken;
| #endif
| static long long int bignum = -9223372036854775807LL;
| static unsigned long long int ubignum = BIG64;
| 
| struct incomplete_array
| {
|   int datasize;
|   double data[];
| };
| 
| struct named_init {
|   int number;
|   const wchar_t *name;
|   double average;
| };
| 
| typedef const char *ccp;
| 
| static inline int
| test_restrict (ccp restrict text)
| {
|   // See if C++-style comments work.
|   // Iterate through items via the restricted pointer.
|   // Also check for declarations in for loops.
|   for (unsigned int i = 0; *(text+i) != '\0'; ++i)
|     continue;
|   return 0;
| }
| 
| // Check varargs and va_copy.
| static void
| test_varargs (const char *format, ...)
| {
|   va_list args;
|   va_start (args, format);
|   va_list args_copy;
|   va_copy (args_copy, args);
| 
|   const char *str;
|   int number;
|   float fnumber;
| 
|   while (*format)
|     {
|       switch (*format++)
| 	{
| 	case 's': // string
| 	  str = va_arg (args_copy, const char *);
| 	  break;
| 	case 'd': // int
| 	  number = va_arg (args_copy, int);
| 	  break;
| 	case 'f': // float
| 	  fnumber = va_arg (args_copy, double);
| 	  break;
| 	default:
| 	  break;
| 	}
|     }
|   va_end (args_copy);
|   va_end (args);
| }
| 
| int
| main ()
| {
| 
|   // Check bool.
|   _Bool success = false;
| 
|   // Check restrict.
|   if (test_restrict ("String literal") == 0)
|     success = true;
|   char *restrict newvar = "Another string";
| 
|   // Check varargs.
|   test_varargs ("s, d' f .", "string", 65, 34.234);
|   test_varargs_macros ();
| 
|   // Check flexible array members.
|   struct incomplete_array *ia =
|     malloc (sizeof (struct incomplete_array) + (sizeof (double) * 10));
|   ia->datasize = 10;
|   for (int i = 0; i < ia->datasize; ++i)
|     ia->data[i] = i * 1.234;
| 
|   // Check named initializers.
|   struct named_init ni = {
|     .number = 34,
|     .name = L"Test wide string",
|     .average = 543.34343,
|   };
| 
|   ni.number = 58;
| 
|   int dynamic_array[ni.number];
|   dynamic_array[ni.number - 1] = 543;
| 
|   // work around unused variable warnings
|   return (!success || bignum == 0LL || ubignum == 0uLL || newvar[0] == 'x'
| 	  || dynamic_array[ni.number - 1] != 543);
| 
|   ;
|   return 0;
| }
configure:4398: gcc -std=gnu99 -c -g -O2  conftest.c >&5
configure:4398: $? = 0
configure:4418: result: -std=gnu99
configure:4469: checking for ranlib
configure:4485: found /usr/bin/ranlib
configure:4496: result: ranlib
configure:4522: checking for bison
configure:4552: result: no
configure:4522: checking for byacc
configure:4552: result: no
configure:4610: checking for ar
configure:4626: found /usr/bin/ar
configure:4637: result: ar
configure:4663: checking the archiver (ar) interface
configure:4679: gcc -std=gnu99 -c -g -O2  conftest.c >&5
configure:4679: $? = 0
configure:4681: ar cru libconftest.a conftest.o >&5
configure:4684: $? = 0
configure:4712: result: ar
configure:4736: checking for flex
configure:4766: result: no
configure:4736: checking for lex
configure:4766: result: no
configure:4900: checking getopt.h usability
configure:4900: gcc -std=gnu99 -c -g -O2  conftest.c >&5
configure:4900: $? = 0
configure:4900: result: yes
configure:4900: checking getopt.h presence
configure:4900: gcc -E  conftest.c
configure:4900: $? = 0
configure:4900: result: yes
configure:4900: checking for getopt.h
configure:4900: result: yes
configure:4914: checking sys/capsicum.h usability
configure:4914: gcc -std=gnu99 -c -g -O2  conftest.c >&5
conftest.c:60:26: error: sys/capsicum.h: No such file or directory
configure:4914: $? = 1
configure: failed program was:
| /* confdefs.h */
| #define PACKAGE_NAME "sshguard"
| #define PACKAGE_TARNAME "sshguard"
| #define PACKAGE_VERSION "2.1.0"
| #define PACKAGE_STRING "sshguard 2.1.0"
| #define PACKAGE_BUGREPORT "sshguard-users@lists.sourceforge.net"
| #define PACKAGE_URL ""
| #define PACKAGE "sshguard"
| #define VERSION "2.1.0"
| #define STDC_HEADERS 1
| #define HAVE_SYS_TYPES_H 1
| #define HAVE_SYS_STAT_H 1
| #define HAVE_STDLIB_H 1
| #define HAVE_STRING_H 1
| #define HAVE_MEMORY_H 1
| #define HAVE_STRINGS_H 1
| #define HAVE_INTTYPES_H 1
| #define HAVE_STDINT_H 1
| #define HAVE_UNISTD_H 1
| #define __EXTENSIONS__ 1
| #define _ALL_SOURCE 1
| #define _GNU_SOURCE 1
| #define _POSIX_PTHREAD_SEMANTICS 1
| #define _TANDEM_SOURCE 1
| #define HAVE_GETOPT_H 1
| /* end confdefs.h.  */
| #include <stdio.h>
| #ifdef HAVE_SYS_TYPES_H
| # include <sys/types.h>
| #endif
| #ifdef HAVE_SYS_STAT_H
| # include <sys/stat.h>
| #endif
| #ifdef STDC_HEADERS
| # include <stdlib.h>
| # include <stddef.h>
| #else
| # ifdef HAVE_STDLIB_H
| #  include <stdlib.h>
| # endif
| #endif
| #ifdef HAVE_STRING_H
| # if !defined STDC_HEADERS && defined HAVE_MEMORY_H
| #  include <memory.h>
| # endif
| # include <string.h>
| #endif
| #ifdef HAVE_STRINGS_H
| # include <strings.h>
| #endif
| #ifdef HAVE_INTTYPES_H
| # include <inttypes.h>
| #endif
| #ifdef HAVE_STDINT_H
| # include <stdint.h>
| #endif
| #ifdef HAVE_UNISTD_H
| # include <unistd.h>
| #endif
| #include <sys/capsicum.h>
configure:4914: result: no
configure:4914: checking sys/capsicum.h presence
configure:4914: gcc -E  conftest.c
conftest.c:27:26: error: sys/capsicum.h: No such file or directory
configure:4914: $? = 1
configure: failed program was:
| /* confdefs.h */
| #define PACKAGE_NAME "sshguard"
| #define PACKAGE_TARNAME "sshguard"
| #define PACKAGE_VERSION "2.1.0"
| #define PACKAGE_STRING "sshguard 2.1.0"
| #define PACKAGE_BUGREPORT "sshguard-users@lists.sourceforge.net"
| #define PACKAGE_URL ""
| #define PACKAGE "sshguard"
| #define VERSION "2.1.0"
| #define STDC_HEADERS 1
| #define HAVE_SYS_TYPES_H 1
| #define HAVE_SYS_STAT_H 1
| #define HAVE_STDLIB_H 1
| #define HAVE_STRING_H 1
| #define HAVE_MEMORY_H 1
| #define HAVE_STRINGS_H 1
| #define HAVE_INTTYPES_H 1
| #define HAVE_STDINT_H 1
| #define HAVE_UNISTD_H 1
| #define __EXTENSIONS__ 1
| #define _ALL_SOURCE 1
| #define _GNU_SOURCE 1
| #define _POSIX_PTHREAD_SEMANTICS 1
| #define _TANDEM_SOURCE 1
| #define HAVE_GETOPT_H 1
| /* end confdefs.h.  */
| #include <sys/capsicum.h>
configure:4914: result: no
configure:4914: checking for sys/capsicum.h
configure:4914: result: no
configure:4914: checking sys/capability.h usability
configure:4914: gcc -std=gnu99 -c -g -O2  conftest.c >&5
conftest.c:60:28: error: sys/capability.h: No such file or directory
configure:4914: $? = 1
configure: failed program was:
| /* confdefs.h */
| #define PACKAGE_NAME "sshguard"
| #define PACKAGE_TARNAME "sshguard"
| #define PACKAGE_VERSION "2.1.0"
| #define PACKAGE_STRING "sshguard 2.1.0"
| #define PACKAGE_BUGREPORT "sshguard-users@lists.sourceforge.net"
| #define PACKAGE_URL ""
| #define PACKAGE "sshguard"
| #define VERSION "2.1.0"
| #define STDC_HEADERS 1
| #define HAVE_SYS_TYPES_H 1
| #define HAVE_SYS_STAT_H 1
| #define HAVE_STDLIB_H 1
| #define HAVE_STRING_H 1
| #define HAVE_MEMORY_H 1
| #define HAVE_STRINGS_H 1
| #define HAVE_INTTYPES_H 1
| #define HAVE_STDINT_H 1
| #define HAVE_UNISTD_H 1
| #define __EXTENSIONS__ 1
| #define _ALL_SOURCE 1
| #define _GNU_SOURCE 1
| #define _POSIX_PTHREAD_SEMANTICS 1
| #define _TANDEM_SOURCE 1
| #define HAVE_GETOPT_H 1
| /* end confdefs.h.  */
| #include <stdio.h>
| #ifdef HAVE_SYS_TYPES_H
| # include <sys/types.h>
| #endif
| #ifdef HAVE_SYS_STAT_H
| # include <sys/stat.h>
| #endif
| #ifdef STDC_HEADERS
| # include <stdlib.h>
| # include <stddef.h>
| #else
| # ifdef HAVE_STDLIB_H
| #  include <stdlib.h>
| # endif
| #endif
| #ifdef HAVE_STRING_H
| # if !defined STDC_HEADERS && defined HAVE_MEMORY_H
| #  include <memory.h>
| # endif
| # include <string.h>
| #endif
| #ifdef HAVE_STRINGS_H
| # include <strings.h>
| #endif
| #ifdef HAVE_INTTYPES_H
| # include <inttypes.h>
| #endif
| #ifdef HAVE_STDINT_H
| # include <stdint.h>
| #endif
| #ifdef HAVE_UNISTD_H
| # include <unistd.h>
| #endif
| #include <sys/capability.h>
configure:4914: result: no
configure:4914: checking sys/capability.h presence
configure:4914: gcc -E  conftest.c
conftest.c:27:28: error: sys/capability.h: No such file or directory
configure:4914: $? = 1
configure: failed program was:
| /* confdefs.h */
| #define PACKAGE_NAME "sshguard"
| #define PACKAGE_TARNAME "sshguard"
| #define PACKAGE_VERSION "2.1.0"
| #define PACKAGE_STRING "sshguard 2.1.0"
| #define PACKAGE_BUGREPORT "sshguard-users@lists.sourceforge.net"
| #define PACKAGE_URL ""
| #define PACKAGE "sshguard"
| #define VERSION "2.1.0"
| #define STDC_HEADERS 1
| #define HAVE_SYS_TYPES_H 1
| #define HAVE_SYS_STAT_H 1
| #define HAVE_STDLIB_H 1
| #define HAVE_STRING_H 1
| #define HAVE_MEMORY_H 1
| #define HAVE_STRINGS_H 1
| #define HAVE_INTTYPES_H 1
| #define HAVE_STDINT_H 1
| #define HAVE_UNISTD_H 1
| #define __EXTENSIONS__ 1
| #define _ALL_SOURCE 1
| #define _GNU_SOURCE 1
| #define _POSIX_PTHREAD_SEMANTICS 1
| #define _TANDEM_SOURCE 1
| #define HAVE_GETOPT_H 1
| /* end confdefs.h.  */
| #include <sys/capability.h>
configure:4914: result: no
configure:4914: checking for sys/capability.h
configure:4914: result: no
configure:5018: checking for rst2man
configure:5048: result: no
configure:5018: checking for rst2man.py
configure:5048: result: no
configure:5066: WARNING: rst2man not found; using pre-built man pages
configure:5073: checking for library containing gethostbyname
configure:5104: gcc -std=gnu99 -o conftest -g -O2   conftest.c  >&5
configure:5104: $? = 0
configure:5121: result: none required
configure:5129: checking for library containing pthread_create
configure:5160: gcc -std=gnu99 -o conftest -g -O2   conftest.c  >&5
/tmp/ccYFUUyY.o: In function `main':
/SSHG/sshguard-2.1.0/conftest.c:38: undefined reference to `pthread_create'
collect2: ld returned 1 exit status
configure:5160: $? = 1
configure: failed program was:
| /* confdefs.h */
| #define PACKAGE_NAME "sshguard"
| #define PACKAGE_TARNAME "sshguard"
| #define PACKAGE_VERSION "2.1.0"
| #define PACKAGE_STRING "sshguard 2.1.0"
| #define PACKAGE_BUGREPORT "sshguard-users@lists.sourceforge.net"
| #define PACKAGE_URL ""
| #define PACKAGE "sshguard"
| #define VERSION "2.1.0"
| #define STDC_HEADERS 1
| #define HAVE_SYS_TYPES_H 1
| #define HAVE_SYS_STAT_H 1
| #define HAVE_STDLIB_H 1
| #define HAVE_STRING_H 1
| #define HAVE_MEMORY_H 1
| #define HAVE_STRINGS_H 1
| #define HAVE_INTTYPES_H 1
| #define HAVE_STDINT_H 1
| #define HAVE_UNISTD_H 1
| #define __EXTENSIONS__ 1
| #define _ALL_SOURCE 1
| #define _GNU_SOURCE 1
| #define _POSIX_PTHREAD_SEMANTICS 1
| #define _TANDEM_SOURCE 1
| #define HAVE_GETOPT_H 1
| /* end confdefs.h.  */
| 
| /* Override any GCC internal prototype to avoid an error.
|    Use char because int might match the return type of a GCC
|    builtin and then its argument prototype would still apply.  */
| #ifdef __cplusplus
| extern "C"
| #endif
| char pthread_create ();
| int
| main ()
| {
| return pthread_create ();
|   ;
|   return 0;
| }
configure:5160: gcc -std=gnu99 -o conftest -g -O2   conftest.c -lpthread   >&5
configure:5160: $? = 0
configure:5177: result: -lpthread
configure:5185: checking for library containing socket
configure:5216: gcc -std=gnu99 -o conftest -g -O2   conftest.c -lpthread  >&5
configure:5216: $? = 0
configure:5233: result: none required
configure:5352: checking that generated files are newer than configure
configure:5358: result: done
configure:5385: creating ./config.status

## ---------------------- ##
## Running config.status. ##
## ---------------------- ##

This file was extended by sshguard config.status 2.1.0, which was
generated by GNU Autoconf 2.69.  Invocation command line was

  CONFIG_FILES    = 
  CONFIG_HEADERS  = 
  CONFIG_LINKS    = 
  CONFIG_COMMANDS = 
  $ ./config.status 

on saintetienne.cloud.team5.tu

config.status:873: creating Makefile
config.status:873: creating src/Makefile
config.status:873: creating src/blocker/Makefile
config.status:873: creating src/fw/Makefile
config.status:873: creating src/parser/Makefile
config.status:873: creating src/common/config.h
config.status:1054: src/common/config.h is unchanged
config.status:1102: executing depfiles commands

## ---------------- ##
## Cache variables. ##
## ---------------- ##

ac_cv_c_compiler_gnu=yes
ac_cv_env_CC_set=
ac_cv_env_CC_value=
ac_cv_env_CFLAGS_set=
ac_cv_env_CFLAGS_value=
ac_cv_env_CPPFLAGS_set=
ac_cv_env_CPPFLAGS_value=
ac_cv_env_CPP_set=
ac_cv_env_CPP_value=
ac_cv_env_LDFLAGS_set=
ac_cv_env_LDFLAGS_value=
ac_cv_env_LIBS_set=
ac_cv_env_LIBS_value=
ac_cv_env_YACC_set=
ac_cv_env_YACC_value=
ac_cv_env_YFLAGS_set=
ac_cv_env_YFLAGS_value=
ac_cv_env_build_alias_set=
ac_cv_env_build_alias_value=
ac_cv_env_host_alias_set=
ac_cv_env_host_alias_value=
ac_cv_env_target_alias_set=
ac_cv_env_target_alias_value=
ac_cv_header_getopt_h=yes
ac_cv_header_inttypes_h=yes
ac_cv_header_memory_h=yes
ac_cv_header_minix_config_h=no
ac_cv_header_stdc=yes
ac_cv_header_stdint_h=yes
ac_cv_header_stdlib_h=yes
ac_cv_header_string_h=yes
ac_cv_header_strings_h=yes
ac_cv_header_sys_capability_h=no
ac_cv_header_sys_capsicum_h=no
ac_cv_header_sys_stat_h=yes
ac_cv_header_sys_types_h=yes
ac_cv_header_unistd_h=yes
ac_cv_objext=o
ac_cv_path_EGREP='/bin/grep -E'
ac_cv_path_GREP=/bin/grep
ac_cv_path_install='/usr/bin/install -c'
ac_cv_path_mkdir=/bin/mkdir
ac_cv_prog_AWK=gawk
ac_cv_prog_CPP='gcc -E'
ac_cv_prog_ac_ct_AR=ar
ac_cv_prog_ac_ct_CC=gcc
ac_cv_prog_ac_ct_RANLIB=ranlib
ac_cv_prog_cc_c89=
ac_cv_prog_cc_c99=-std=gnu99
ac_cv_prog_cc_g=yes
ac_cv_prog_make_make_set=yes
ac_cv_safe_to_define___extensions__=yes
ac_cv_search_gethostbyname='none required'
ac_cv_search_pthread_create=-lpthread
ac_cv_search_socket='none required'
am_cv_CC_dependencies_compiler_type=gcc3
am_cv_ar_interface=ar
am_cv_make_support_nested_variables=yes
am_cv_prog_cc_c_o=yes

## ----------------- ##
## Output variables. ##
## ----------------- ##

ACLOCAL='${SHELL} /SSHG/sshguard-2.1.0/missing aclocal-1.15'
AMDEPBACKSLASH='\'
AMDEP_FALSE='#'
AMDEP_TRUE=''
AMTAR='$${TAR-tar}'
AM_BACKSLASH='\'
AM_DEFAULT_V='$(AM_DEFAULT_VERBOSITY)'
AM_DEFAULT_VERBOSITY='0'
AM_V='$(V)'
AR='ar'
AUTOCONF='${SHELL} /SSHG/sshguard-2.1.0/missing autoconf'
AUTOHEADER='${SHELL} /SSHG/sshguard-2.1.0/missing autoheader'
AUTOMAKE='${SHELL} /SSHG/sshguard-2.1.0/missing automake-1.15'
AWK='gawk'
BUILD_MAN_FALSE=''
BUILD_MAN_TRUE='#'
CC='gcc -std=gnu99'
CCDEPMODE='depmode=gcc3'
CFLAGS='-g -O2'
CPP='gcc -E'
CPPFLAGS=''
CYGPATH_W='echo'
DEFS='-DHAVE_CONFIG_H'
DEPDIR='.deps'
ECHO_C=''
ECHO_N='-n'
ECHO_T=''
EGREP='/bin/grep -E'
EXEEXT=''
GREP='/bin/grep'
INSTALL_DATA='${INSTALL} -m 644'
INSTALL_PROGRAM='${INSTALL}'
INSTALL_SCRIPT='${INSTALL}'
INSTALL_STRIP_PROGRAM='$(install_sh) -c -s'
LDFLAGS=''
LEX='${SHELL} /SSHG/sshguard-2.1.0/missing flex'
LEXLIB=''
LEX_OUTPUT_ROOT=''
LIBOBJS=''
LIBS='-lpthread '
LTLIBOBJS=''
MAKEINFO='${SHELL} /SSHG/sshguard-2.1.0/missing makeinfo'
MKDIR_P='/bin/mkdir -p'
OBJEXT='o'
PACKAGE='sshguard'
PACKAGE_BUGREPORT='sshguard-users@lists.sourceforge.net'
PACKAGE_NAME='sshguard'
PACKAGE_STRING='sshguard 2.1.0'
PACKAGE_TARNAME='sshguard'
PACKAGE_URL=''
PACKAGE_VERSION='2.1.0'
PATH_SEPARATOR=':'
RANLIB='ranlib'
RST2MAN_PROG='no'
SET_MAKE=''
SHELL='/bin/sh'
STRIP=''
VERSION='2.1.0'
YACC='yacc'
YFLAGS=''
ac_ct_AR='ar'
ac_ct_CC='gcc'
am__EXEEXT_FALSE=''
am__EXEEXT_TRUE='#'
am__fastdepCC_FALSE='#'
am__fastdepCC_TRUE=''
am__include='include'
am__isrc=''
am__leading_dot='.'
am__nodep='_no'
am__quote=''
am__tar='$${TAR-tar} chof - "$$tardir"'
am__untar='$${TAR-tar} xf -'
bindir='${exec_prefix}/bin'
build_alias=''
datadir='${datarootdir}'
datarootdir='${prefix}/share'
docdir='${datarootdir}/doc/${PACKAGE_TARNAME}'
dvidir='${docdir}'
exec_prefix='${prefix}'
host_alias=''
htmldir='${docdir}'
includedir='${prefix}/include'
infodir='${datarootdir}/info'
install_sh='${SHELL} /SSHG/sshguard-2.1.0/install-sh'
libdir='${exec_prefix}/lib'
libexecdir='${exec_prefix}/libexec'
localedir='${datarootdir}/locale'
localstatedir='${prefix}/var'
mandir='${datarootdir}/man'
mkdir_p='$(MKDIR_P)'
oldincludedir='/usr/include'
pdfdir='${docdir}'
prefix='/opt/sshguard'
program_transform_name='s,x,x,'
psdir='${docdir}'
sbindir='${exec_prefix}/sbin'
sharedstatedir='${prefix}/com'
sysconfdir='${prefix}/etc'
target_alias=''

## ----------- ##
## confdefs.h. ##
## ----------- ##

/* confdefs.h */
#define PACKAGE_NAME "sshguard"
#define PACKAGE_TARNAME "sshguard"
#define PACKAGE_VERSION "2.1.0"
#define PACKAGE_STRING "sshguard 2.1.0"
#define PACKAGE_BUGREPORT "sshguard-users@lists.sourceforge.net"
#define PACKAGE_URL ""
#define PACKAGE "sshguard"
#define VERSION "2.1.0"
#define STDC_HEADERS 1
#define HAVE_SYS_TYPES_H 1
#define HAVE_SYS_STAT_H 1
#define HAVE_STDLIB_H 1
#define HAVE_STRING_H 1
#define HAVE_MEMORY_H 1
#define HAVE_STRINGS_H 1
#define HAVE_INTTYPES_H 1
#define HAVE_STDINT_H 1
#define HAVE_UNISTD_H 1
#define __EXTENSIONS__ 1
#define _ALL_SOURCE 1
#define _GNU_SOURCE 1
#define _POSIX_PTHREAD_SEMANTICS 1
#define _TANDEM_SOURCE 1
#define HAVE_GETOPT_H 1

configure: exit 0
